2015-06-11 04:37:10 [-][-][-][error][yii\console\Exception] exception 'yii\base\InvalidRouteException' with message 'Unable to resolve the request "migration/create".' in C:\Server\OpenServer\domains\localhost\FlatSite\vendor\yiisoft\yii2\base\Module.php:461
Stack trace:
#0 C:\Server\OpenServer\domains\localhost\FlatSite\vendor\yiisoft\yii2\console\Application.php(161): yii\base\Module->runAction('migration/creat...', Array)
#1 C:\Server\OpenServer\domains\localhost\FlatSite\vendor\yiisoft\yii2\console\Application.php(137): yii\console\Application->runAction('migration/creat...', Array)
#2 C:\Server\OpenServer\domains\localhost\FlatSite\vendor\yiisoft\yii2\base\Application.php(375): yii\console\Application->handleRequest(Object(yii\console\Request))
#3 C:\Server\OpenServer\domains\localhost\FlatSite\yii(31): yii\base\Application->run()
#4 {main}

Next exception 'yii\console\Exception' with message 'Unknown command "migration/create".' in C:\Server\OpenServer\domains\localhost\FlatSite\vendor\yiisoft\yii2\console\Application.php:163
Stack trace:
#0 C:\Server\OpenServer\domains\localhost\FlatSite\vendor\yiisoft\yii2\console\Application.php(137): yii\console\Application->runAction('migration/creat...', Array)
#1 C:\Server\OpenServer\domains\localhost\FlatSite\vendor\yiisoft\yii2\base\Application.php(375): yii\console\Application->handleRequest(Object(yii\console\Request))
#2 C:\Server\OpenServer\domains\localhost\FlatSite\yii(31): yii\base\Application->run()
#3 {main}
2015-06-11 04:37:10 [-][-][-][info][application] $_SERVER = [
    'ALLUSERSPROFILE' => 'C:\\ProgramData'
    'APPDATA' => 'C:\\Users\\\\AppData\\Roaming'
    'CG_BOOST_ROOT' => 'C:\\Program Files (x86)\\Embarcadero\\RAD Studio\\7.0\\include\\boost_1_39'
    'CommonProgramFiles' => 'C:\\Program Files (x86)\\Common Files'
    'CommonProgramFiles(x86)' => 'C:\\Program Files (x86)\\Common Files'
    'CommonProgramW6432' => 'C:\\Program Files\\Common Files'
    'COMPUTERNAME' => 'BLACK'
    'ComSpec' => 'C:\\Windows\\system32\\cmd.exe'
    'ConEmuANSI' => 'ON'
    'ConEmuAnsiLog' => ''
    'ConEmuArgs' => '/Single'
    'ConEmuBackHWND' => '0x00190DBA'
    'ConEmuBaseDir' => 'C:\\server\\openserver\\modules\\conemu\\ConEmu'
    'ConEmuBuild' => '141126'
    'ConEmuConfig' => ''
    'ConEmuDir' => 'C:\\server\\openserver\\modules\\conemu'
    'ConEmuDrawHWND' => '0x006F0FB6'
    'ConEmuDrive' => 'C:'
    'ConEmuHooks' => 'Enabled'
    'ConEmuHWND' => '0x008A05EC'
    'ConEmuPID' => '25112'
    'ConEmuServerPID' => '19060'
    'ConEmuWorkDir' => 'c:\\server\\openserver'
    'ConEmuWorkDrive' => 'c:'
    'FP_NO_HOST_CHECK' => 'NO'
    'HerokuPath' => 'C:\\Program Files (x86)\\Heroku'
    'HOME' => 'c:\\server\\openserver'
    'HOMEDRIVE' => 'c:'
    'HOMEPATH' => '\\server\\openserver'
    'LOCALAPPDATA' => 'C:\\Users\\\\AppData\\Local'
    'LOGONSERVER' => '\\\\MicrosoftAccount'
    'MAGICK_CODER_FILTER_PATH' => 'c:\\server\\openserver\\modules\\imagemagick\\modules\\filters'
    'MAGICK_CODER_MODULE_PATH' => 'c:\\server\\openserver\\modules\\imagemagick\\modules\\coders'
    'MAGICK_CONFIGURE_PATH' => 'c:\\server\\openserver\\modules\\imagemagick'
    'MAGICK_HOME' => 'c:\\server\\openserver\\modules\\imagemagick'
    'MAGICK_TEMPORARY_PATH' => 'c:\\server\\openserver\\userdata\\temp'
    'NUMBER_OF_PROCESSORS' => '4'
    'OPENSSL_CONF' => 'c:\\server\\openserver\\modules\\http\\Apache-2.4\\conf\\openssl.cnf'
    'OS' => 'Windows_NT'
    'Path' => 'C:\\server\\openserver\\modules\\conemu;C:\\server\\openserver\\modules\\conemu\\ConEmu;c:\\server\\openserver\\modules\\php\\PHP-5.5\\ext;c:\\server\\openserver\\modules\\php\\PHP-5.5\\pear;c:\\server\\openserver\\modules\\php\\PHP-5.5\\pear\\bin;c:\\server\\openserver\\modules\\php\\PHP-5.5;c:\\server\\openserver\\modules\\imagemagick;c:\\server\\openserver\\modules\\wget\\bin;c:\\server\\openserver\\modules\\git;c:\\server\\openserver\\modules\\git\\bin;c:\\server\\openserver\\modules\\git\\mingw\\bin;c:\\server\\openserver\\modules\\git\\cmd;c:\\server\\openserver\\modules\\database\\MySQL-5.6\\bin;c:\\server\\openserver\\modules\\http\\Apache-2.4\\bin;c:\\server\\openserver\\modules\\http\\Apache-2.4;C:\\Windows\\system32;C:\\Windows;C:\\Windows\\system32\\Wbem;C:\\Windows\\SysWOW64'
    'PATHEXT' => '.COM;.EXE;.BAT;.CMD;.VBS;.VBE;.JS;.JSE;.WSF;.WSH;.MSC;.RB;.RBW'
    'PHPBIN' => 'c:\\server\\openserver\\modules\\php\\PHP-5.5\\php.exe'
    'PHPDIR' => 'c:\\server\\openserver\\modules\\php\\PHP-5.5\\'
    'PHPRC' => 'c:\\server\\openserver\\modules\\php\\PHP-5.5'
    'PHP_BIN' => 'c:\\server\\openserver\\modules\\php\\PHP-5.5\\php.exe'
    'PHP_BINARY' => 'c:\\server\\openserver\\modules\\php\\PHP-5.5\\php.exe'
    'PHP_BINDIR' => 'c:\\server\\openserver\\modules\\php\\PHP-5.5\\'
    'PHP_COMMAND' => 'php.exe'
    'PHP_DIR' => 'c:\\server\\openserver\\modules\\php\\PHP-5.5\\'
    'PHP_INI' => 'c:\\server\\openserver\\modules\\php\\PHP-5.5\\php.ini'
    'PHP_PEAR_BIN_DIR' => 'c:\\server\\openserver\\modules\\php\\PHP-5.5\\PEAR'
    'PHP_PEAR_DATA_DIR' => 'c:\\server\\openserver\\modules\\php\\PHP-5.5\\PEAR\\data'
    'PHP_PEAR_DOC_DIR' => 'c:\\server\\openserver\\modules\\php\\PHP-5.5\\PEAR\\docs'
    'PHP_PEAR_INSTALL_DIR' => 'c:\\server\\openserver\\modules\\php\\PHP-5.5\\PEAR\\pear'
    'PHP_PEAR_PHP_BIN' => 'c:\\server\\openserver\\modules\\php\\PHP-5.5\\php.exe'
    'PHP_PEAR_SYSCONF_DIR' => 'c:\\server\\openserver\\modules\\php\\PHP-5.5\\PEAR'
    'PHP_PEAR_TEST_DIR' => 'c:\\server\\openserver\\modules\\php\\PHP-5.5\\PEAR\\tests'
    'PLINK_PROTOCOL' => 'ssh'
    'PROCESSOR_ARCHITECTURE' => 'x86'
    'PROCESSOR_ARCHITEW6432' => 'AMD64'
    'PROCESSOR_IDENTIFIER' => 'Intel64 Family 6 Model 42 Stepping 7, GenuineIntel'
    'PROCESSOR_LEVEL' => '6'
    'PROCESSOR_REVISION' => '2a07'
    'ProgramData' => 'C:\\ProgramData'
    'ProgramFiles' => 'C:\\Program Files (x86)'
    'ProgramFiles(x86)' => 'C:\\Program Files (x86)'
    'ProgramW6432' => 'C:\\Program Files'
    'PROMPT' => '$P$G'
    'PSModulePath' => 'C:\\Windows\\system32\\WindowsPowerShell\\v1.0\\Modules\\;C:\\Program Files (x86)\\Microsoft SQL Server\\110\\Tools\\PowerShell\\Modules\\'
    'PUBLIC' => 'C:\\Users\\Public'
    'SystemDrive' => 'C:'
    'SystemRoot' => 'C:\\Windows'
    'TEMP' => 'c:\\server\\openserver\\userdata\\temp'
    'TERM' => 'msys'
    'TMP' => 'c:\\server\\openserver\\userdata\\temp'
    'USERDOMAIN' => 'BLACK'
    'USERDOMAIN_ROAMINGPROFILE' => 'BLACK'
    'USERNAME' => ''
    'USERPROFILE' => 'C:\\Users\\'
    'VBOX_MSI_INSTALL_PATH' => 'C:\\Program Files\\Oracle\\VirtualBox\\'
    'VS110COMNTOOLS' => 'C:\\Program Files (x86)\\Microsoft Visual Studio 11.0\\Common7\\Tools\\'
    'VS120COMNTOOLS' => 'C:\\Program Files (x86)\\Microsoft Visual Studio 12.0\\Common7\\Tools\\'
    'windir' => 'C:\\Windows'
    'YII_PATH' => 'c:\\Server\\OpenServer\\domains\\localhost\\FlatSite\\'
    'PHP_SELF' => 'c:\\Server\\OpenServer\\domains\\localhost\\FlatSite\\yii'
    'SCRIPT_NAME' => 'c:\\Server\\OpenServer\\domains\\localhost\\FlatSite\\yii'
    'SCRIPT_FILENAME' => 'c:\\Server\\OpenServer\\domains\\localhost\\FlatSite\\yii'
    'PATH_TRANSLATED' => 'c:\\Server\\OpenServer\\domains\\localhost\\FlatSite\\yii'
    'DOCUMENT_ROOT' => ''
    'REQUEST_TIME_FLOAT' => 1433986630.0322
    'REQUEST_TIME' => 1433986630
    'argv' => [
        0 => 'c:\\Server\\OpenServer\\domains\\localhost\\FlatSite\\yii'
        1 => 'migration/create'
        2 => 'sended_sms_table'
    ]
    'argc' => 3
]
2015-06-13 05:18:23 [-][-][-][error][yii\base\InvalidConfigException] exception 'yii\base\InvalidConfigException' with message 'You should configure "authManager" component to use database before executing this migration.' in C:\Server\OpenServer\domains\localhost\FlatSite\vendor\yiisoft\yii2\rbac\migrations\m140506_102106_rbac_init.php:28
Stack trace:
#0 C:\Server\OpenServer\domains\localhost\FlatSite\vendor\yiisoft\yii2\rbac\migrations\m140506_102106_rbac_init.php(35): m140506_102106_rbac_init->getAuthManager()
#1 C:\Server\OpenServer\domains\localhost\FlatSite\vendor\yiisoft\yii2\console\controllers\BaseMigrateController.php(492): m140506_102106_rbac_init->up()
#2 C:\Server\OpenServer\domains\localhost\FlatSite\vendor\yiisoft\yii2\console\controllers\BaseMigrateController.php(129): yii\console\controllers\BaseMigrateController->migrateUp('m140506_102106_...')
#3 [internal function]: yii\console\controllers\BaseMigrateController->actionUp(0)
#4 C:\Server\OpenServer\domains\localhost\FlatSite\vendor\yiisoft\yii2\base\InlineAction.php(55): call_user_func_array(Array, Array)
#5 C:\Server\OpenServer\domains\localhost\FlatSite\vendor\yiisoft\yii2\base\Controller.php(151): yii\base\InlineAction->runWithParams(Array)
#6 C:\Server\OpenServer\domains\localhost\FlatSite\vendor\yiisoft\yii2\console\Controller.php(91): yii\base\Controller->runAction('', Array)
#7 C:\Server\OpenServer\domains\localhost\FlatSite\vendor\yiisoft\yii2\base\Module.php(455): yii\console\Controller->runAction('', Array)
#8 C:\Server\OpenServer\domains\localhost\FlatSite\vendor\yiisoft\yii2\console\Application.php(161): yii\base\Module->runAction('migrate', Array)
#9 C:\Server\OpenServer\domains\localhost\FlatSite\vendor\yiisoft\yii2\console\Application.php(137): yii\console\Application->runAction('migrate', Array)
#10 C:\Server\OpenServer\domains\localhost\FlatSite\vendor\yiisoft\yii2\base\Application.php(375): yii\console\Application->handleRequest(Object(yii\console\Request))
#11 C:\Server\OpenServer\domains\localhost\FlatSite\yii(31): yii\base\Application->run()
#12 {main}
2015-06-13 05:18:19 [-][-][-][info][application] $_SERVER = [
    'ALLUSERSPROFILE' => 'C:\\ProgramData'
    'APPDATA' => 'C:\\Users\\\\AppData\\Roaming'
    'CG_BOOST_ROOT' => 'C:\\Program Files (x86)\\Embarcadero\\RAD Studio\\7.0\\include\\boost_1_39'
    'CommonProgramFiles' => 'C:\\Program Files (x86)\\Common Files'
    'CommonProgramFiles(x86)' => 'C:\\Program Files (x86)\\Common Files'
    'CommonProgramW6432' => 'C:\\Program Files\\Common Files'
    'COMPUTERNAME' => 'BLACK'
    'ComSpec' => 'C:\\Windows\\system32\\cmd.exe'
    'ConEmuANSI' => 'ON'
    'ConEmuAnsiLog' => ''
    'ConEmuArgs' => '/Single'
    'ConEmuBackHWND' => '0x00190DBA'
    'ConEmuBaseDir' => 'C:\\server\\openserver\\modules\\conemu\\ConEmu'
    'ConEmuBuild' => '141126'
    'ConEmuConfig' => ''
    'ConEmuDir' => 'C:\\server\\openserver\\modules\\conemu'
    'ConEmuDrawHWND' => '0x006F0FB6'
    'ConEmuDrive' => 'C:'
    'ConEmuHooks' => 'Enabled'
    'ConEmuHWND' => '0x008A05EC'
    'ConEmuPID' => '25112'
    'ConEmuServerPID' => '19060'
    'ConEmuWorkDir' => 'c:\\server\\openserver'
    'ConEmuWorkDrive' => 'c:'
    'FP_NO_HOST_CHECK' => 'NO'
    'HerokuPath' => 'C:\\Program Files (x86)\\Heroku'
    'HOME' => 'c:\\server\\openserver'
    'HOMEDRIVE' => 'c:'
    'HOMEPATH' => '\\server\\openserver'
    'LOCALAPPDATA' => 'C:\\Users\\\\AppData\\Local'
    'LOGONSERVER' => '\\\\MicrosoftAccount'
    'MAGICK_CODER_FILTER_PATH' => 'c:\\server\\openserver\\modules\\imagemagick\\modules\\filters'
    'MAGICK_CODER_MODULE_PATH' => 'c:\\server\\openserver\\modules\\imagemagick\\modules\\coders'
    'MAGICK_CONFIGURE_PATH' => 'c:\\server\\openserver\\modules\\imagemagick'
    'MAGICK_HOME' => 'c:\\server\\openserver\\modules\\imagemagick'
    'MAGICK_TEMPORARY_PATH' => 'c:\\server\\openserver\\userdata\\temp'
    'NUMBER_OF_PROCESSORS' => '4'
    'OPENSSL_CONF' => 'c:\\server\\openserver\\modules\\http\\Apache-2.4\\conf\\openssl.cnf'
    'OS' => 'Windows_NT'
    'Path' => 'C:\\server\\openserver\\modules\\conemu;C:\\server\\openserver\\modules\\conemu\\ConEmu;c:\\server\\openserver\\modules\\php\\PHP-5.5\\ext;c:\\server\\openserver\\modules\\php\\PHP-5.5\\pear;c:\\server\\openserver\\modules\\php\\PHP-5.5\\pear\\bin;c:\\server\\openserver\\modules\\php\\PHP-5.5;c:\\server\\openserver\\modules\\imagemagick;c:\\server\\openserver\\modules\\wget\\bin;c:\\server\\openserver\\modules\\git;c:\\server\\openserver\\modules\\git\\bin;c:\\server\\openserver\\modules\\git\\mingw\\bin;c:\\server\\openserver\\modules\\git\\cmd;c:\\server\\openserver\\modules\\database\\MySQL-5.6\\bin;c:\\server\\openserver\\modules\\http\\Apache-2.4\\bin;c:\\server\\openserver\\modules\\http\\Apache-2.4;C:\\Windows\\system32;C:\\Windows;C:\\Windows\\system32\\Wbem;C:\\Windows\\SysWOW64'
    'PATHEXT' => '.COM;.EXE;.BAT;.CMD;.VBS;.VBE;.JS;.JSE;.WSF;.WSH;.MSC;.RB;.RBW'
    'PHPBIN' => 'c:\\server\\openserver\\modules\\php\\PHP-5.5\\php.exe'
    'PHPDIR' => 'c:\\server\\openserver\\modules\\php\\PHP-5.5\\'
    'PHPRC' => 'c:\\server\\openserver\\modules\\php\\PHP-5.5'
    'PHP_BIN' => 'c:\\server\\openserver\\modules\\php\\PHP-5.5\\php.exe'
    'PHP_BINARY' => 'c:\\server\\openserver\\modules\\php\\PHP-5.5\\php.exe'
    'PHP_BINDIR' => 'c:\\server\\openserver\\modules\\php\\PHP-5.5\\'
    'PHP_COMMAND' => 'php.exe'
    'PHP_DIR' => 'c:\\server\\openserver\\modules\\php\\PHP-5.5\\'
    'PHP_INI' => 'c:\\server\\openserver\\modules\\php\\PHP-5.5\\php.ini'
    'PHP_PEAR_BIN_DIR' => 'c:\\server\\openserver\\modules\\php\\PHP-5.5\\PEAR'
    'PHP_PEAR_DATA_DIR' => 'c:\\server\\openserver\\modules\\php\\PHP-5.5\\PEAR\\data'
    'PHP_PEAR_DOC_DIR' => 'c:\\server\\openserver\\modules\\php\\PHP-5.5\\PEAR\\docs'
    'PHP_PEAR_INSTALL_DIR' => 'c:\\server\\openserver\\modules\\php\\PHP-5.5\\PEAR\\pear'
    'PHP_PEAR_PHP_BIN' => 'c:\\server\\openserver\\modules\\php\\PHP-5.5\\php.exe'
    'PHP_PEAR_SYSCONF_DIR' => 'c:\\server\\openserver\\modules\\php\\PHP-5.5\\PEAR'
    'PHP_PEAR_TEST_DIR' => 'c:\\server\\openserver\\modules\\php\\PHP-5.5\\PEAR\\tests'
    'PLINK_PROTOCOL' => 'ssh'
    'PROCESSOR_ARCHITECTURE' => 'x86'
    'PROCESSOR_ARCHITEW6432' => 'AMD64'
    'PROCESSOR_IDENTIFIER' => 'Intel64 Family 6 Model 42 Stepping 7, GenuineIntel'
    'PROCESSOR_LEVEL' => '6'
    'PROCESSOR_REVISION' => '2a07'
    'ProgramData' => 'C:\\ProgramData'
    'ProgramFiles' => 'C:\\Program Files (x86)'
    'ProgramFiles(x86)' => 'C:\\Program Files (x86)'
    'ProgramW6432' => 'C:\\Program Files'
    'PROMPT' => '$P$G'
    'PSModulePath' => 'C:\\Windows\\system32\\WindowsPowerShell\\v1.0\\Modules\\;C:\\Program Files (x86)\\Microsoft SQL Server\\110\\Tools\\PowerShell\\Modules\\'
    'PUBLIC' => 'C:\\Users\\Public'
    'SystemDrive' => 'C:'
    'SystemRoot' => 'C:\\Windows'
    'TEMP' => 'c:\\server\\openserver\\userdata\\temp'
    'TERM' => 'msys'
    'TMP' => 'c:\\server\\openserver\\userdata\\temp'
    'USERDOMAIN' => 'BLACK'
    'USERDOMAIN_ROAMINGPROFILE' => 'BLACK'
    'USERNAME' => ''
    'USERPROFILE' => 'C:\\Users\\'
    'VBOX_MSI_INSTALL_PATH' => 'C:\\Program Files\\Oracle\\VirtualBox\\'
    'VS110COMNTOOLS' => 'C:\\Program Files (x86)\\Microsoft Visual Studio 11.0\\Common7\\Tools\\'
    'VS120COMNTOOLS' => 'C:\\Program Files (x86)\\Microsoft Visual Studio 12.0\\Common7\\Tools\\'
    'windir' => 'C:\\Windows'
    'YII_PATH' => 'c:\\Server\\OpenServer\\domains\\localhost\\FlatSite\\'
    'PHP_SELF' => 'c:\\Server\\OpenServer\\domains\\localhost\\FlatSite\\yii'
    'SCRIPT_NAME' => 'c:\\Server\\OpenServer\\domains\\localhost\\FlatSite\\yii'
    'SCRIPT_FILENAME' => 'c:\\Server\\OpenServer\\domains\\localhost\\FlatSite\\yii'
    'PATH_TRANSLATED' => 'c:\\Server\\OpenServer\\domains\\localhost\\FlatSite\\yii'
    'DOCUMENT_ROOT' => ''
    'REQUEST_TIME_FLOAT' => 1434161899.6262
    'REQUEST_TIME' => 1434161899
    'argv' => [
        0 => 'c:\\Server\\OpenServer\\domains\\localhost\\FlatSite\\yii'
        1 => 'migrate'
        2 => '--migrationPath=@yii/rbac/migrations'
    ]
    'argc' => 3
]
2015-06-13 05:43:38 [-][-][-][error][yii\base\InvalidConfigException] exception 'yii\base\InvalidConfigException' with message 'You should configure "authManager" component to use database before executing this migration.' in C:\Server\OpenServer\domains\localhost\FlatSite\vendor\yiisoft\yii2\rbac\migrations\m140506_102106_rbac_init.php:28
Stack trace:
#0 C:\Server\OpenServer\domains\localhost\FlatSite\vendor\yiisoft\yii2\rbac\migrations\m140506_102106_rbac_init.php(35): m140506_102106_rbac_init->getAuthManager()
#1 C:\Server\OpenServer\domains\localhost\FlatSite\vendor\yiisoft\yii2\console\controllers\BaseMigrateController.php(492): m140506_102106_rbac_init->up()
#2 C:\Server\OpenServer\domains\localhost\FlatSite\vendor\yiisoft\yii2\console\controllers\BaseMigrateController.php(129): yii\console\controllers\BaseMigrateController->migrateUp('m140506_102106_...')
#3 [internal function]: yii\console\controllers\BaseMigrateController->actionUp(0)
#4 C:\Server\OpenServer\domains\localhost\FlatSite\vendor\yiisoft\yii2\base\InlineAction.php(55): call_user_func_array(Array, Array)
#5 C:\Server\OpenServer\domains\localhost\FlatSite\vendor\yiisoft\yii2\base\Controller.php(151): yii\base\InlineAction->runWithParams(Array)
#6 C:\Server\OpenServer\domains\localhost\FlatSite\vendor\yiisoft\yii2\console\Controller.php(91): yii\base\Controller->runAction('', Array)
#7 C:\Server\OpenServer\domains\localhost\FlatSite\vendor\yiisoft\yii2\base\Module.php(455): yii\console\Controller->runAction('', Array)
#8 C:\Server\OpenServer\domains\localhost\FlatSite\vendor\yiisoft\yii2\console\Application.php(161): yii\base\Module->runAction('migrate', Array)
#9 C:\Server\OpenServer\domains\localhost\FlatSite\vendor\yiisoft\yii2\console\Application.php(137): yii\console\Application->runAction('migrate', Array)
#10 C:\Server\OpenServer\domains\localhost\FlatSite\vendor\yiisoft\yii2\base\Application.php(375): yii\console\Application->handleRequest(Object(yii\console\Request))
#11 C:\Server\OpenServer\domains\localhost\FlatSite\yii(31): yii\base\Application->run()
#12 {main}
2015-06-13 05:43:37 [-][-][-][info][application] $_SERVER = [
    'ALLUSERSPROFILE' => 'C:\\ProgramData'
    'APPDATA' => 'C:\\Users\\\\AppData\\Roaming'
    'CG_BOOST_ROOT' => 'C:\\Program Files (x86)\\Embarcadero\\RAD Studio\\7.0\\include\\boost_1_39'
    'CommonProgramFiles' => 'C:\\Program Files (x86)\\Common Files'
    'CommonProgramFiles(x86)' => 'C:\\Program Files (x86)\\Common Files'
    'CommonProgramW6432' => 'C:\\Program Files\\Common Files'
    'COMPUTERNAME' => 'BLACK'
    'ComSpec' => 'C:\\Windows\\system32\\cmd.exe'
    'ConEmuANSI' => 'ON'
    'ConEmuAnsiLog' => ''
    'ConEmuArgs' => '/Single'
    'ConEmuBackHWND' => '0x00190DBA'
    'ConEmuBaseDir' => 'C:\\server\\openserver\\modules\\conemu\\ConEmu'
    'ConEmuBuild' => '141126'
    'ConEmuConfig' => ''
    'ConEmuDir' => 'C:\\server\\openserver\\modules\\conemu'
    'ConEmuDrawHWND' => '0x006F0FB6'
    'ConEmuDrive' => 'C:'
    'ConEmuHooks' => 'Enabled'
    'ConEmuHWND' => '0x008A05EC'
    'ConEmuPID' => '25112'
    'ConEmuServerPID' => '19060'
    'ConEmuWorkDir' => 'c:\\server\\openserver'
    'ConEmuWorkDrive' => 'c:'
    'FP_NO_HOST_CHECK' => 'NO'
    'HerokuPath' => 'C:\\Program Files (x86)\\Heroku'
    'HOME' => 'c:\\server\\openserver'
    'HOMEDRIVE' => 'c:'
    'HOMEPATH' => '\\server\\openserver'
    'LOCALAPPDATA' => 'C:\\Users\\\\AppData\\Local'
    'LOGONSERVER' => '\\\\MicrosoftAccount'
    'MAGICK_CODER_FILTER_PATH' => 'c:\\server\\openserver\\modules\\imagemagick\\modules\\filters'
    'MAGICK_CODER_MODULE_PATH' => 'c:\\server\\openserver\\modules\\imagemagick\\modules\\coders'
    'MAGICK_CONFIGURE_PATH' => 'c:\\server\\openserver\\modules\\imagemagick'
    'MAGICK_HOME' => 'c:\\server\\openserver\\modules\\imagemagick'
    'MAGICK_TEMPORARY_PATH' => 'c:\\server\\openserver\\userdata\\temp'
    'NUMBER_OF_PROCESSORS' => '4'
    'OPENSSL_CONF' => 'c:\\server\\openserver\\modules\\http\\Apache-2.4\\conf\\openssl.cnf'
    'OS' => 'Windows_NT'
    'Path' => 'C:\\server\\openserver\\modules\\conemu;C:\\server\\openserver\\modules\\conemu\\ConEmu;c:\\server\\openserver\\modules\\php\\PHP-5.5\\ext;c:\\server\\openserver\\modules\\php\\PHP-5.5\\pear;c:\\server\\openserver\\modules\\php\\PHP-5.5\\pear\\bin;c:\\server\\openserver\\modules\\php\\PHP-5.5;c:\\server\\openserver\\modules\\imagemagick;c:\\server\\openserver\\modules\\wget\\bin;c:\\server\\openserver\\modules\\git;c:\\server\\openserver\\modules\\git\\bin;c:\\server\\openserver\\modules\\git\\mingw\\bin;c:\\server\\openserver\\modules\\git\\cmd;c:\\server\\openserver\\modules\\database\\MySQL-5.6\\bin;c:\\server\\openserver\\modules\\http\\Apache-2.4\\bin;c:\\server\\openserver\\modules\\http\\Apache-2.4;C:\\Windows\\system32;C:\\Windows;C:\\Windows\\system32\\Wbem;C:\\Windows\\SysWOW64'
    'PATHEXT' => '.COM;.EXE;.BAT;.CMD;.VBS;.VBE;.JS;.JSE;.WSF;.WSH;.MSC;.RB;.RBW'
    'PHPBIN' => 'c:\\server\\openserver\\modules\\php\\PHP-5.5\\php.exe'
    'PHPDIR' => 'c:\\server\\openserver\\modules\\php\\PHP-5.5\\'
    'PHPRC' => 'c:\\server\\openserver\\modules\\php\\PHP-5.5'
    'PHP_BIN' => 'c:\\server\\openserver\\modules\\php\\PHP-5.5\\php.exe'
    'PHP_BINARY' => 'c:\\server\\openserver\\modules\\php\\PHP-5.5\\php.exe'
    'PHP_BINDIR' => 'c:\\server\\openserver\\modules\\php\\PHP-5.5\\'
    'PHP_COMMAND' => 'php.exe'
    'PHP_DIR' => 'c:\\server\\openserver\\modules\\php\\PHP-5.5\\'
    'PHP_INI' => 'c:\\server\\openserver\\modules\\php\\PHP-5.5\\php.ini'
    'PHP_PEAR_BIN_DIR' => 'c:\\server\\openserver\\modules\\php\\PHP-5.5\\PEAR'
    'PHP_PEAR_DATA_DIR' => 'c:\\server\\openserver\\modules\\php\\PHP-5.5\\PEAR\\data'
    'PHP_PEAR_DOC_DIR' => 'c:\\server\\openserver\\modules\\php\\PHP-5.5\\PEAR\\docs'
    'PHP_PEAR_INSTALL_DIR' => 'c:\\server\\openserver\\modules\\php\\PHP-5.5\\PEAR\\pear'
    'PHP_PEAR_PHP_BIN' => 'c:\\server\\openserver\\modules\\php\\PHP-5.5\\php.exe'
    'PHP_PEAR_SYSCONF_DIR' => 'c:\\server\\openserver\\modules\\php\\PHP-5.5\\PEAR'
    'PHP_PEAR_TEST_DIR' => 'c:\\server\\openserver\\modules\\php\\PHP-5.5\\PEAR\\tests'
    'PLINK_PROTOCOL' => 'ssh'
    'PROCESSOR_ARCHITECTURE' => 'x86'
    'PROCESSOR_ARCHITEW6432' => 'AMD64'
    'PROCESSOR_IDENTIFIER' => 'Intel64 Family 6 Model 42 Stepping 7, GenuineIntel'
    'PROCESSOR_LEVEL' => '6'
    'PROCESSOR_REVISION' => '2a07'
    'ProgramData' => 'C:\\ProgramData'
    'ProgramFiles' => 'C:\\Program Files (x86)'
    'ProgramFiles(x86)' => 'C:\\Program Files (x86)'
    'ProgramW6432' => 'C:\\Program Files'
    'PROMPT' => '$P$G'
    'PSModulePath' => 'C:\\Windows\\system32\\WindowsPowerShell\\v1.0\\Modules\\;C:\\Program Files (x86)\\Microsoft SQL Server\\110\\Tools\\PowerShell\\Modules\\'
    'PUBLIC' => 'C:\\Users\\Public'
    'SystemDrive' => 'C:'
    'SystemRoot' => 'C:\\Windows'
    'TEMP' => 'c:\\server\\openserver\\userdata\\temp'
    'TERM' => 'msys'
    'TMP' => 'c:\\server\\openserver\\userdata\\temp'
    'USERDOMAIN' => 'BLACK'
    'USERDOMAIN_ROAMINGPROFILE' => 'BLACK'
    'USERNAME' => ''
    'USERPROFILE' => 'C:\\Users\\'
    'VBOX_MSI_INSTALL_PATH' => 'C:\\Program Files\\Oracle\\VirtualBox\\'
    'VS110COMNTOOLS' => 'C:\\Program Files (x86)\\Microsoft Visual Studio 11.0\\Common7\\Tools\\'
    'VS120COMNTOOLS' => 'C:\\Program Files (x86)\\Microsoft Visual Studio 12.0\\Common7\\Tools\\'
    'windir' => 'C:\\Windows'
    'YII_PATH' => 'c:\\Server\\OpenServer\\domains\\localhost\\FlatSite\\'
    'PHP_SELF' => 'c:\\Server\\OpenServer\\domains\\localhost\\FlatSite\\yii'
    'SCRIPT_NAME' => 'c:\\Server\\OpenServer\\domains\\localhost\\FlatSite\\yii'
    'SCRIPT_FILENAME' => 'c:\\Server\\OpenServer\\domains\\localhost\\FlatSite\\yii'
    'PATH_TRANSLATED' => 'c:\\Server\\OpenServer\\domains\\localhost\\FlatSite\\yii'
    'DOCUMENT_ROOT' => ''
    'REQUEST_TIME_FLOAT' => 1434163417.2177
    'REQUEST_TIME' => 1434163417
    'argv' => [
        0 => 'c:\\Server\\OpenServer\\domains\\localhost\\FlatSite\\yii'
        1 => 'migrate'
        2 => '--migrationPath=@yii/rbac/migrations'
    ]
    'argc' => 3
]
2015-06-13 05:47:45 [-][-][-][error][yii\base\InvalidConfigException] exception 'yii\base\InvalidConfigException' with message 'You should configure "authManager" component to use database before executing this migration.' in C:\Server\OpenServer\domains\localhost\FlatSite\vendor\yiisoft\yii2\rbac\migrations\m140506_102106_rbac_init.php:28
Stack trace:
#0 C:\Server\OpenServer\domains\localhost\FlatSite\vendor\yiisoft\yii2\rbac\migrations\m140506_102106_rbac_init.php(35): m140506_102106_rbac_init->getAuthManager()
#1 C:\Server\OpenServer\domains\localhost\FlatSite\vendor\yiisoft\yii2\console\controllers\BaseMigrateController.php(492): m140506_102106_rbac_init->up()
#2 C:\Server\OpenServer\domains\localhost\FlatSite\vendor\yiisoft\yii2\console\controllers\BaseMigrateController.php(129): yii\console\controllers\BaseMigrateController->migrateUp('m140506_102106_...')
#3 [internal function]: yii\console\controllers\BaseMigrateController->actionUp(0)
#4 C:\Server\OpenServer\domains\localhost\FlatSite\vendor\yiisoft\yii2\base\InlineAction.php(55): call_user_func_array(Array, Array)
#5 C:\Server\OpenServer\domains\localhost\FlatSite\vendor\yiisoft\yii2\base\Controller.php(151): yii\base\InlineAction->runWithParams(Array)
#6 C:\Server\OpenServer\domains\localhost\FlatSite\vendor\yiisoft\yii2\console\Controller.php(91): yii\base\Controller->runAction('', Array)
#7 C:\Server\OpenServer\domains\localhost\FlatSite\vendor\yiisoft\yii2\base\Module.php(455): yii\console\Controller->runAction('', Array)
#8 C:\Server\OpenServer\domains\localhost\FlatSite\vendor\yiisoft\yii2\console\Application.php(161): yii\base\Module->runAction('migrate', Array)
#9 C:\Server\OpenServer\domains\localhost\FlatSite\vendor\yiisoft\yii2\console\Application.php(137): yii\console\Application->runAction('migrate', Array)
#10 C:\Server\OpenServer\domains\localhost\FlatSite\vendor\yiisoft\yii2\base\Application.php(375): yii\console\Application->handleRequest(Object(yii\console\Request))
#11 C:\Server\OpenServer\domains\localhost\FlatSite\yii(31): yii\base\Application->run()
#12 {main}
2015-06-13 05:47:43 [-][-][-][info][application] $_SERVER = [
    'ALLUSERSPROFILE' => 'C:\\ProgramData'
    'APPDATA' => 'C:\\Users\\\\AppData\\Roaming'
    'CG_BOOST_ROOT' => 'C:\\Program Files (x86)\\Embarcadero\\RAD Studio\\7.0\\include\\boost_1_39'
    'CommonProgramFiles' => 'C:\\Program Files (x86)\\Common Files'
    'CommonProgramFiles(x86)' => 'C:\\Program Files (x86)\\Common Files'
    'CommonProgramW6432' => 'C:\\Program Files\\Common Files'
    'COMPUTERNAME' => 'BLACK'
    'ComSpec' => 'C:\\Windows\\system32\\cmd.exe'
    'ConEmuANSI' => 'ON'
    'ConEmuAnsiLog' => ''
    'ConEmuArgs' => '/Single'
    'ConEmuBackHWND' => '0x00190DBA'
    'ConEmuBaseDir' => 'C:\\server\\openserver\\modules\\conemu\\ConEmu'
    'ConEmuBuild' => '141126'
    'ConEmuConfig' => ''
    'ConEmuDir' => 'C:\\server\\openserver\\modules\\conemu'
    'ConEmuDrawHWND' => '0x006F0FB6'
    'ConEmuDrive' => 'C:'
    'ConEmuHooks' => 'Enabled'
    'ConEmuHWND' => '0x008A05EC'
    'ConEmuPID' => '25112'
    'ConEmuServerPID' => '19060'
    'ConEmuWorkDir' => 'c:\\server\\openserver'
    'ConEmuWorkDrive' => 'c:'
    'FP_NO_HOST_CHECK' => 'NO'
    'HerokuPath' => 'C:\\Program Files (x86)\\Heroku'
    'HOME' => 'c:\\server\\openserver'
    'HOMEDRIVE' => 'c:'
    'HOMEPATH' => '\\server\\openserver'
    'LOCALAPPDATA' => 'C:\\Users\\\\AppData\\Local'
    'LOGONSERVER' => '\\\\MicrosoftAccount'
    'MAGICK_CODER_FILTER_PATH' => 'c:\\server\\openserver\\modules\\imagemagick\\modules\\filters'
    'MAGICK_CODER_MODULE_PATH' => 'c:\\server\\openserver\\modules\\imagemagick\\modules\\coders'
    'MAGICK_CONFIGURE_PATH' => 'c:\\server\\openserver\\modules\\imagemagick'
    'MAGICK_HOME' => 'c:\\server\\openserver\\modules\\imagemagick'
    'MAGICK_TEMPORARY_PATH' => 'c:\\server\\openserver\\userdata\\temp'
    'NUMBER_OF_PROCESSORS' => '4'
    'OPENSSL_CONF' => 'c:\\server\\openserver\\modules\\http\\Apache-2.4\\conf\\openssl.cnf'
    'OS' => 'Windows_NT'
    'Path' => 'C:\\server\\openserver\\modules\\conemu;C:\\server\\openserver\\modules\\conemu\\ConEmu;c:\\server\\openserver\\modules\\php\\PHP-5.5\\ext;c:\\server\\openserver\\modules\\php\\PHP-5.5\\pear;c:\\server\\openserver\\modules\\php\\PHP-5.5\\pear\\bin;c:\\server\\openserver\\modules\\php\\PHP-5.5;c:\\server\\openserver\\modules\\imagemagick;c:\\server\\openserver\\modules\\wget\\bin;c:\\server\\openserver\\modules\\git;c:\\server\\openserver\\modules\\git\\bin;c:\\server\\openserver\\modules\\git\\mingw\\bin;c:\\server\\openserver\\modules\\git\\cmd;c:\\server\\openserver\\modules\\database\\MySQL-5.6\\bin;c:\\server\\openserver\\modules\\http\\Apache-2.4\\bin;c:\\server\\openserver\\modules\\http\\Apache-2.4;C:\\Windows\\system32;C:\\Windows;C:\\Windows\\system32\\Wbem;C:\\Windows\\SysWOW64'
    'PATHEXT' => '.COM;.EXE;.BAT;.CMD;.VBS;.VBE;.JS;.JSE;.WSF;.WSH;.MSC;.RB;.RBW'
    'PHPBIN' => 'c:\\server\\openserver\\modules\\php\\PHP-5.5\\php.exe'
    'PHPDIR' => 'c:\\server\\openserver\\modules\\php\\PHP-5.5\\'
    'PHPRC' => 'c:\\server\\openserver\\modules\\php\\PHP-5.5'
    'PHP_BIN' => 'c:\\server\\openserver\\modules\\php\\PHP-5.5\\php.exe'
    'PHP_BINARY' => 'c:\\server\\openserver\\modules\\php\\PHP-5.5\\php.exe'
    'PHP_BINDIR' => 'c:\\server\\openserver\\modules\\php\\PHP-5.5\\'
    'PHP_COMMAND' => 'php.exe'
    'PHP_DIR' => 'c:\\server\\openserver\\modules\\php\\PHP-5.5\\'
    'PHP_INI' => 'c:\\server\\openserver\\modules\\php\\PHP-5.5\\php.ini'
    'PHP_PEAR_BIN_DIR' => 'c:\\server\\openserver\\modules\\php\\PHP-5.5\\PEAR'
    'PHP_PEAR_DATA_DIR' => 'c:\\server\\openserver\\modules\\php\\PHP-5.5\\PEAR\\data'
    'PHP_PEAR_DOC_DIR' => 'c:\\server\\openserver\\modules\\php\\PHP-5.5\\PEAR\\docs'
    'PHP_PEAR_INSTALL_DIR' => 'c:\\server\\openserver\\modules\\php\\PHP-5.5\\PEAR\\pear'
    'PHP_PEAR_PHP_BIN' => 'c:\\server\\openserver\\modules\\php\\PHP-5.5\\php.exe'
    'PHP_PEAR_SYSCONF_DIR' => 'c:\\server\\openserver\\modules\\php\\PHP-5.5\\PEAR'
    'PHP_PEAR_TEST_DIR' => 'c:\\server\\openserver\\modules\\php\\PHP-5.5\\PEAR\\tests'
    'PLINK_PROTOCOL' => 'ssh'
    'PROCESSOR_ARCHITECTURE' => 'x86'
    'PROCESSOR_ARCHITEW6432' => 'AMD64'
    'PROCESSOR_IDENTIFIER' => 'Intel64 Family 6 Model 42 Stepping 7, GenuineIntel'
    'PROCESSOR_LEVEL' => '6'
    'PROCESSOR_REVISION' => '2a07'
    'ProgramData' => 'C:\\ProgramData'
    'ProgramFiles' => 'C:\\Program Files (x86)'
    'ProgramFiles(x86)' => 'C:\\Program Files (x86)'
    'ProgramW6432' => 'C:\\Program Files'
    'PROMPT' => '$P$G'
    'PSModulePath' => 'C:\\Windows\\system32\\WindowsPowerShell\\v1.0\\Modules\\;C:\\Program Files (x86)\\Microsoft SQL Server\\110\\Tools\\PowerShell\\Modules\\'
    'PUBLIC' => 'C:\\Users\\Public'
    'SystemDrive' => 'C:'
    'SystemRoot' => 'C:\\Windows'
    'TEMP' => 'c:\\server\\openserver\\userdata\\temp'
    'TERM' => 'msys'
    'TMP' => 'c:\\server\\openserver\\userdata\\temp'
    'USERDOMAIN' => 'BLACK'
    'USERDOMAIN_ROAMINGPROFILE' => 'BLACK'
    'USERNAME' => ''
    'USERPROFILE' => 'C:\\Users\\'
    'VBOX_MSI_INSTALL_PATH' => 'C:\\Program Files\\Oracle\\VirtualBox\\'
    'VS110COMNTOOLS' => 'C:\\Program Files (x86)\\Microsoft Visual Studio 11.0\\Common7\\Tools\\'
    'VS120COMNTOOLS' => 'C:\\Program Files (x86)\\Microsoft Visual Studio 12.0\\Common7\\Tools\\'
    'windir' => 'C:\\Windows'
    'YII_PATH' => 'c:\\Server\\OpenServer\\domains\\localhost\\FlatSite\\'
    'PHP_SELF' => 'c:\\Server\\OpenServer\\domains\\localhost\\FlatSite\\yii'
    'SCRIPT_NAME' => 'c:\\Server\\OpenServer\\domains\\localhost\\FlatSite\\yii'
    'SCRIPT_FILENAME' => 'c:\\Server\\OpenServer\\domains\\localhost\\FlatSite\\yii'
    'PATH_TRANSLATED' => 'c:\\Server\\OpenServer\\domains\\localhost\\FlatSite\\yii'
    'DOCUMENT_ROOT' => ''
    'REQUEST_TIME_FLOAT' => 1434163663.2987
    'REQUEST_TIME' => 1434163663
    'argv' => [
        0 => 'c:\\Server\\OpenServer\\domains\\localhost\\FlatSite\\yii'
        1 => 'migrate'
        2 => '--migrationPath=@yii/rbac/migrations'
    ]
    'argc' => 3
]
2015-06-14 03:06:36 [-][-][-][error][yii\console\Exception] exception 'yii\base\InvalidRouteException' with message 'Unable to resolve the request "migration".' in C:\Server\OpenServer\domains\localhost\FlatSite\vendor\yiisoft\yii2\base\Module.php:461
Stack trace:
#0 C:\Server\OpenServer\domains\localhost\FlatSite\vendor\yiisoft\yii2\console\Application.php(161): yii\base\Module->runAction('migration', Array)
#1 C:\Server\OpenServer\domains\localhost\FlatSite\vendor\yiisoft\yii2\console\Application.php(137): yii\console\Application->runAction('migration', Array)
#2 C:\Server\OpenServer\domains\localhost\FlatSite\vendor\yiisoft\yii2\base\Application.php(375): yii\console\Application->handleRequest(Object(yii\console\Request))
#3 C:\Server\OpenServer\domains\localhost\FlatSite\yii(31): yii\base\Application->run()
#4 {main}

Next exception 'yii\console\Exception' with message 'Unknown command "migration".' in C:\Server\OpenServer\domains\localhost\FlatSite\vendor\yiisoft\yii2\console\Application.php:163
Stack trace:
#0 C:\Server\OpenServer\domains\localhost\FlatSite\vendor\yiisoft\yii2\console\Application.php(137): yii\console\Application->runAction('migration', Array)
#1 C:\Server\OpenServer\domains\localhost\FlatSite\vendor\yiisoft\yii2\base\Application.php(375): yii\console\Application->handleRequest(Object(yii\console\Request))
#2 C:\Server\OpenServer\domains\localhost\FlatSite\yii(31): yii\base\Application->run()
#3 {main}
2015-06-14 03:06:36 [-][-][-][info][application] $_SERVER = [
    'ALLUSERSPROFILE' => 'C:\\ProgramData'
    'APPDATA' => 'C:\\Users\\\\AppData\\Roaming'
    'CG_BOOST_ROOT' => 'C:\\Program Files (x86)\\Embarcadero\\RAD Studio\\7.0\\include\\boost_1_39'
    'CommonProgramFiles' => 'C:\\Program Files (x86)\\Common Files'
    'CommonProgramFiles(x86)' => 'C:\\Program Files (x86)\\Common Files'
    'CommonProgramW6432' => 'C:\\Program Files\\Common Files'
    'COMPUTERNAME' => 'BLACK'
    'ComSpec' => 'C:\\Windows\\system32\\cmd.exe'
    'ConEmuANSI' => 'ON'
    'ConEmuAnsiLog' => ''
    'ConEmuArgs' => '/Single'
    'ConEmuBackHWND' => '0x00010A14'
    'ConEmuBaseDir' => 'C:\\server\\openserver\\modules\\conemu\\ConEmu'
    'ConEmuBuild' => '141126'
    'ConEmuConfig' => ''
    'ConEmuDir' => 'C:\\server\\openserver\\modules\\conemu'
    'ConEmuDrawHWND' => '0x00010A16'
    'ConEmuDrive' => 'C:'
    'ConEmuHooks' => 'Enabled'
    'ConEmuHWND' => '0x004709F8'
    'ConEmuPID' => '7228'
    'ConEmuServerPID' => '7564'
    'ConEmuWorkDir' => 'c:\\server\\openserver'
    'ConEmuWorkDrive' => 'c:'
    'FP_NO_HOST_CHECK' => 'NO'
    'HerokuPath' => 'C:\\Program Files (x86)\\Heroku'
    'HOME' => 'c:\\server\\openserver'
    'HOMEDRIVE' => 'c:'
    'HOMEPATH' => '\\server\\openserver'
    'LOCALAPPDATA' => 'C:\\Users\\\\AppData\\Local'
    'LOGONSERVER' => '\\\\MicrosoftAccount'
    'MAGICK_CODER_FILTER_PATH' => 'c:\\server\\openserver\\modules\\imagemagick\\modules\\filters'
    'MAGICK_CODER_MODULE_PATH' => 'c:\\server\\openserver\\modules\\imagemagick\\modules\\coders'
    'MAGICK_CONFIGURE_PATH' => 'c:\\server\\openserver\\modules\\imagemagick'
    'MAGICK_HOME' => 'c:\\server\\openserver\\modules\\imagemagick'
    'MAGICK_TEMPORARY_PATH' => 'c:\\server\\openserver\\userdata\\temp'
    'NUMBER_OF_PROCESSORS' => '4'
    'OPENSSL_CONF' => 'c:\\server\\openserver\\modules\\http\\Apache-2.4\\conf\\openssl.cnf'
    'OS' => 'Windows_NT'
    'Path' => 'C:\\server\\openserver\\modules\\conemu;C:\\server\\openserver\\modules\\conemu\\ConEmu;c:\\server\\openserver\\modules\\php\\PHP-5.5\\ext;c:\\server\\openserver\\modules\\php\\PHP-5.5\\pear;c:\\server\\openserver\\modules\\php\\PHP-5.5\\pear\\bin;c:\\server\\openserver\\modules\\php\\PHP-5.5;c:\\server\\openserver\\modules\\imagemagick;c:\\server\\openserver\\modules\\wget\\bin;c:\\server\\openserver\\modules\\git;c:\\server\\openserver\\modules\\git\\bin;c:\\server\\openserver\\modules\\git\\mingw\\bin;c:\\server\\openserver\\modules\\git\\cmd;c:\\server\\openserver\\modules\\database\\MySQL-5.5\\bin;c:\\server\\openserver\\modules\\http\\Apache-2.4\\bin;c:\\server\\openserver\\modules\\http\\Apache-2.4;C:\\Windows\\system32;C:\\Windows;C:\\Windows\\system32\\Wbem;C:\\Windows\\SysWOW64'
    'PATHEXT' => '.COM;.EXE;.BAT;.CMD;.VBS;.VBE;.JS;.JSE;.WSF;.WSH;.MSC;.RB;.RBW'
    'PHPBIN' => 'c:\\server\\openserver\\modules\\php\\PHP-5.5\\php.exe'
    'PHPDIR' => 'c:\\server\\openserver\\modules\\php\\PHP-5.5\\'
    'PHPRC' => 'c:\\server\\openserver\\modules\\php\\PHP-5.5'
    'PHP_BIN' => 'c:\\server\\openserver\\modules\\php\\PHP-5.5\\php.exe'
    'PHP_BINARY' => 'c:\\server\\openserver\\modules\\php\\PHP-5.5\\php.exe'
    'PHP_BINDIR' => 'c:\\server\\openserver\\modules\\php\\PHP-5.5\\'
    'PHP_COMMAND' => 'php.exe'
    'PHP_DIR' => 'c:\\server\\openserver\\modules\\php\\PHP-5.5\\'
    'PHP_INI' => 'c:\\server\\openserver\\modules\\php\\PHP-5.5\\php.ini'
    'PHP_PEAR_BIN_DIR' => 'c:\\server\\openserver\\modules\\php\\PHP-5.5\\PEAR'
    'PHP_PEAR_DATA_DIR' => 'c:\\server\\openserver\\modules\\php\\PHP-5.5\\PEAR\\data'
    'PHP_PEAR_DOC_DIR' => 'c:\\server\\openserver\\modules\\php\\PHP-5.5\\PEAR\\docs'
    'PHP_PEAR_INSTALL_DIR' => 'c:\\server\\openserver\\modules\\php\\PHP-5.5\\PEAR\\pear'
    'PHP_PEAR_PHP_BIN' => 'c:\\server\\openserver\\modules\\php\\PHP-5.5\\php.exe'
    'PHP_PEAR_SYSCONF_DIR' => 'c:\\server\\openserver\\modules\\php\\PHP-5.5\\PEAR'
    'PHP_PEAR_TEST_DIR' => 'c:\\server\\openserver\\modules\\php\\PHP-5.5\\PEAR\\tests'
    'PLINK_PROTOCOL' => 'ssh'
    'PROCESSOR_ARCHITECTURE' => 'x86'
    'PROCESSOR_ARCHITEW6432' => 'AMD64'
    'PROCESSOR_IDENTIFIER' => 'Intel64 Family 6 Model 42 Stepping 7, GenuineIntel'
    'PROCESSOR_LEVEL' => '6'
    'PROCESSOR_REVISION' => '2a07'
    'ProgramData' => 'C:\\ProgramData'
    'ProgramFiles' => 'C:\\Program Files (x86)'
    'ProgramFiles(x86)' => 'C:\\Program Files (x86)'
    'ProgramW6432' => 'C:\\Program Files'
    'PROMPT' => '$P$G'
    'PSModulePath' => 'C:\\Windows\\system32\\WindowsPowerShell\\v1.0\\Modules\\;C:\\Program Files (x86)\\Microsoft SQL Server\\110\\Tools\\PowerShell\\Modules\\'
    'PUBLIC' => 'C:\\Users\\Public'
    'SESSIONNAME' => 'Console'
    'SystemDrive' => 'C:'
    'SystemRoot' => 'C:\\Windows'
    'TEMP' => 'c:\\server\\openserver\\userdata\\temp'
    'TERM' => 'msys'
    'TMP' => 'c:\\server\\openserver\\userdata\\temp'
    'USERDOMAIN' => 'BLACK'
    'USERDOMAIN_ROAMINGPROFILE' => 'BLACK'
    'USERNAME' => ''
    'USERPROFILE' => 'C:\\Users\\'
    'VBOX_MSI_INSTALL_PATH' => 'C:\\Program Files\\Oracle\\VirtualBox\\'
    'VS110COMNTOOLS' => 'C:\\Program Files (x86)\\Microsoft Visual Studio 11.0\\Common7\\Tools\\'
    'VS120COMNTOOLS' => 'C:\\Program Files (x86)\\Microsoft Visual Studio 12.0\\Common7\\Tools\\'
    'windir' => 'C:\\Windows'
    'YII_PATH' => 'c:\\Server\\OpenServer\\domains\\localhost\\FlatSite\\'
    'PHP_SELF' => 'c:\\Server\\OpenServer\\domains\\localhost\\FlatSite\\yii'
    'SCRIPT_NAME' => 'c:\\Server\\OpenServer\\domains\\localhost\\FlatSite\\yii'
    'SCRIPT_FILENAME' => 'c:\\Server\\OpenServer\\domains\\localhost\\FlatSite\\yii'
    'PATH_TRANSLATED' => 'c:\\Server\\OpenServer\\domains\\localhost\\FlatSite\\yii'
    'DOCUMENT_ROOT' => ''
    'REQUEST_TIME_FLOAT' => 1434240396.5587
    'REQUEST_TIME' => 1434240396
    'argv' => [
        0 => 'c:\\Server\\OpenServer\\domains\\localhost\\FlatSite\\yii'
        1 => 'migration'
    ]
    'argc' => 2
]
2015-06-14 03:06:38 [-][-][-][error][yii\console\Exception] exception 'yii\base\InvalidRouteException' with message 'Unable to resolve the request "migrations".' in C:\Server\OpenServer\domains\localhost\FlatSite\vendor\yiisoft\yii2\base\Module.php:461
Stack trace:
#0 C:\Server\OpenServer\domains\localhost\FlatSite\vendor\yiisoft\yii2\console\Application.php(161): yii\base\Module->runAction('migrations', Array)
#1 C:\Server\OpenServer\domains\localhost\FlatSite\vendor\yiisoft\yii2\console\Application.php(137): yii\console\Application->runAction('migrations', Array)
#2 C:\Server\OpenServer\domains\localhost\FlatSite\vendor\yiisoft\yii2\base\Application.php(375): yii\console\Application->handleRequest(Object(yii\console\Request))
#3 C:\Server\OpenServer\domains\localhost\FlatSite\yii(31): yii\base\Application->run()
#4 {main}

Next exception 'yii\console\Exception' with message 'Unknown command "migrations".' in C:\Server\OpenServer\domains\localhost\FlatSite\vendor\yiisoft\yii2\console\Application.php:163
Stack trace:
#0 C:\Server\OpenServer\domains\localhost\FlatSite\vendor\yiisoft\yii2\console\Application.php(137): yii\console\Application->runAction('migrations', Array)
#1 C:\Server\OpenServer\domains\localhost\FlatSite\vendor\yiisoft\yii2\base\Application.php(375): yii\console\Application->handleRequest(Object(yii\console\Request))
#2 C:\Server\OpenServer\domains\localhost\FlatSite\yii(31): yii\base\Application->run()
#3 {main}
2015-06-14 03:06:38 [-][-][-][info][application] $_SERVER = [
    'ALLUSERSPROFILE' => 'C:\\ProgramData'
    'APPDATA' => 'C:\\Users\\\\AppData\\Roaming'
    'CG_BOOST_ROOT' => 'C:\\Program Files (x86)\\Embarcadero\\RAD Studio\\7.0\\include\\boost_1_39'
    'CommonProgramFiles' => 'C:\\Program Files (x86)\\Common Files'
    'CommonProgramFiles(x86)' => 'C:\\Program Files (x86)\\Common Files'
    'CommonProgramW6432' => 'C:\\Program Files\\Common Files'
    'COMPUTERNAME' => 'BLACK'
    'ComSpec' => 'C:\\Windows\\system32\\cmd.exe'
    'ConEmuANSI' => 'ON'
    'ConEmuAnsiLog' => ''
    'ConEmuArgs' => '/Single'
    'ConEmuBackHWND' => '0x00010A14'
    'ConEmuBaseDir' => 'C:\\server\\openserver\\modules\\conemu\\ConEmu'
    'ConEmuBuild' => '141126'
    'ConEmuConfig' => ''
    'ConEmuDir' => 'C:\\server\\openserver\\modules\\conemu'
    'ConEmuDrawHWND' => '0x00010A16'
    'ConEmuDrive' => 'C:'
    'ConEmuHooks' => 'Enabled'
    'ConEmuHWND' => '0x004709F8'
    'ConEmuPID' => '7228'
    'ConEmuServerPID' => '7564'
    'ConEmuWorkDir' => 'c:\\server\\openserver'
    'ConEmuWorkDrive' => 'c:'
    'FP_NO_HOST_CHECK' => 'NO'
    'HerokuPath' => 'C:\\Program Files (x86)\\Heroku'
    'HOME' => 'c:\\server\\openserver'
    'HOMEDRIVE' => 'c:'
    'HOMEPATH' => '\\server\\openserver'
    'LOCALAPPDATA' => 'C:\\Users\\\\AppData\\Local'
    'LOGONSERVER' => '\\\\MicrosoftAccount'
    'MAGICK_CODER_FILTER_PATH' => 'c:\\server\\openserver\\modules\\imagemagick\\modules\\filters'
    'MAGICK_CODER_MODULE_PATH' => 'c:\\server\\openserver\\modules\\imagemagick\\modules\\coders'
    'MAGICK_CONFIGURE_PATH' => 'c:\\server\\openserver\\modules\\imagemagick'
    'MAGICK_HOME' => 'c:\\server\\openserver\\modules\\imagemagick'
    'MAGICK_TEMPORARY_PATH' => 'c:\\server\\openserver\\userdata\\temp'
    'NUMBER_OF_PROCESSORS' => '4'
    'OPENSSL_CONF' => 'c:\\server\\openserver\\modules\\http\\Apache-2.4\\conf\\openssl.cnf'
    'OS' => 'Windows_NT'
    'Path' => 'C:\\server\\openserver\\modules\\conemu;C:\\server\\openserver\\modules\\conemu\\ConEmu;c:\\server\\openserver\\modules\\php\\PHP-5.5\\ext;c:\\server\\openserver\\modules\\php\\PHP-5.5\\pear;c:\\server\\openserver\\modules\\php\\PHP-5.5\\pear\\bin;c:\\server\\openserver\\modules\\php\\PHP-5.5;c:\\server\\openserver\\modules\\imagemagick;c:\\server\\openserver\\modules\\wget\\bin;c:\\server\\openserver\\modules\\git;c:\\server\\openserver\\modules\\git\\bin;c:\\server\\openserver\\modules\\git\\mingw\\bin;c:\\server\\openserver\\modules\\git\\cmd;c:\\server\\openserver\\modules\\database\\MySQL-5.5\\bin;c:\\server\\openserver\\modules\\http\\Apache-2.4\\bin;c:\\server\\openserver\\modules\\http\\Apache-2.4;C:\\Windows\\system32;C:\\Windows;C:\\Windows\\system32\\Wbem;C:\\Windows\\SysWOW64'
    'PATHEXT' => '.COM;.EXE;.BAT;.CMD;.VBS;.VBE;.JS;.JSE;.WSF;.WSH;.MSC;.RB;.RBW'
    'PHPBIN' => 'c:\\server\\openserver\\modules\\php\\PHP-5.5\\php.exe'
    'PHPDIR' => 'c:\\server\\openserver\\modules\\php\\PHP-5.5\\'
    'PHPRC' => 'c:\\server\\openserver\\modules\\php\\PHP-5.5'
    'PHP_BIN' => 'c:\\server\\openserver\\modules\\php\\PHP-5.5\\php.exe'
    'PHP_BINARY' => 'c:\\server\\openserver\\modules\\php\\PHP-5.5\\php.exe'
    'PHP_BINDIR' => 'c:\\server\\openserver\\modules\\php\\PHP-5.5\\'
    'PHP_COMMAND' => 'php.exe'
    'PHP_DIR' => 'c:\\server\\openserver\\modules\\php\\PHP-5.5\\'
    'PHP_INI' => 'c:\\server\\openserver\\modules\\php\\PHP-5.5\\php.ini'
    'PHP_PEAR_BIN_DIR' => 'c:\\server\\openserver\\modules\\php\\PHP-5.5\\PEAR'
    'PHP_PEAR_DATA_DIR' => 'c:\\server\\openserver\\modules\\php\\PHP-5.5\\PEAR\\data'
    'PHP_PEAR_DOC_DIR' => 'c:\\server\\openserver\\modules\\php\\PHP-5.5\\PEAR\\docs'
    'PHP_PEAR_INSTALL_DIR' => 'c:\\server\\openserver\\modules\\php\\PHP-5.5\\PEAR\\pear'
    'PHP_PEAR_PHP_BIN' => 'c:\\server\\openserver\\modules\\php\\PHP-5.5\\php.exe'
    'PHP_PEAR_SYSCONF_DIR' => 'c:\\server\\openserver\\modules\\php\\PHP-5.5\\PEAR'
    'PHP_PEAR_TEST_DIR' => 'c:\\server\\openserver\\modules\\php\\PHP-5.5\\PEAR\\tests'
    'PLINK_PROTOCOL' => 'ssh'
    'PROCESSOR_ARCHITECTURE' => 'x86'
    'PROCESSOR_ARCHITEW6432' => 'AMD64'
    'PROCESSOR_IDENTIFIER' => 'Intel64 Family 6 Model 42 Stepping 7, GenuineIntel'
    'PROCESSOR_LEVEL' => '6'
    'PROCESSOR_REVISION' => '2a07'
    'ProgramData' => 'C:\\ProgramData'
    'ProgramFiles' => 'C:\\Program Files (x86)'
    'ProgramFiles(x86)' => 'C:\\Program Files (x86)'
    'ProgramW6432' => 'C:\\Program Files'
    'PROMPT' => '$P$G'
    'PSModulePath' => 'C:\\Windows\\system32\\WindowsPowerShell\\v1.0\\Modules\\;C:\\Program Files (x86)\\Microsoft SQL Server\\110\\Tools\\PowerShell\\Modules\\'
    'PUBLIC' => 'C:\\Users\\Public'
    'SESSIONNAME' => 'Console'
    'SystemDrive' => 'C:'
    'SystemRoot' => 'C:\\Windows'
    'TEMP' => 'c:\\server\\openserver\\userdata\\temp'
    'TERM' => 'msys'
    'TMP' => 'c:\\server\\openserver\\userdata\\temp'
    'USERDOMAIN' => 'BLACK'
    'USERDOMAIN_ROAMINGPROFILE' => 'BLACK'
    'USERNAME' => ''
    'USERPROFILE' => 'C:\\Users\\'
    'VBOX_MSI_INSTALL_PATH' => 'C:\\Program Files\\Oracle\\VirtualBox\\'
    'VS110COMNTOOLS' => 'C:\\Program Files (x86)\\Microsoft Visual Studio 11.0\\Common7\\Tools\\'
    'VS120COMNTOOLS' => 'C:\\Program Files (x86)\\Microsoft Visual Studio 12.0\\Common7\\Tools\\'
    'windir' => 'C:\\Windows'
    'YII_PATH' => 'c:\\Server\\OpenServer\\domains\\localhost\\FlatSite\\'
    'PHP_SELF' => 'c:\\Server\\OpenServer\\domains\\localhost\\FlatSite\\yii'
    'SCRIPT_NAME' => 'c:\\Server\\OpenServer\\domains\\localhost\\FlatSite\\yii'
    'SCRIPT_FILENAME' => 'c:\\Server\\OpenServer\\domains\\localhost\\FlatSite\\yii'
    'PATH_TRANSLATED' => 'c:\\Server\\OpenServer\\domains\\localhost\\FlatSite\\yii'
    'DOCUMENT_ROOT' => ''
    'REQUEST_TIME_FLOAT' => 1434240398.8839
    'REQUEST_TIME' => 1434240398
    'argv' => [
        0 => 'c:\\Server\\OpenServer\\domains\\localhost\\FlatSite\\yii'
        1 => 'migrations'
    ]
    'argc' => 2
]
2015-06-14 08:36:44 [-][-][-][error][yii\console\Exception] exception 'yii\base\InvalidRouteException' with message 'Unable to resolve the request "rbac/init".' in C:\Server\OpenServer\domains\localhost\FlatSite\vendor\yiisoft\yii2\base\Module.php:461
Stack trace:
#0 C:\Server\OpenServer\domains\localhost\FlatSite\vendor\yiisoft\yii2\console\Application.php(161): yii\base\Module->runAction('rbac/init', Array)
#1 C:\Server\OpenServer\domains\localhost\FlatSite\vendor\yiisoft\yii2\console\Application.php(137): yii\console\Application->runAction('rbac/init', Array)
#2 C:\Server\OpenServer\domains\localhost\FlatSite\vendor\yiisoft\yii2\base\Application.php(375): yii\console\Application->handleRequest(Object(yii\console\Request))
#3 C:\Server\OpenServer\domains\localhost\FlatSite\yii(31): yii\base\Application->run()
#4 {main}

Next exception 'yii\console\Exception' with message 'Unknown command "rbac/init".' in C:\Server\OpenServer\domains\localhost\FlatSite\vendor\yiisoft\yii2\console\Application.php:163
Stack trace:
#0 C:\Server\OpenServer\domains\localhost\FlatSite\vendor\yiisoft\yii2\console\Application.php(137): yii\console\Application->runAction('rbac/init', Array)
#1 C:\Server\OpenServer\domains\localhost\FlatSite\vendor\yiisoft\yii2\base\Application.php(375): yii\console\Application->handleRequest(Object(yii\console\Request))
#2 C:\Server\OpenServer\domains\localhost\FlatSite\yii(31): yii\base\Application->run()
#3 {main}
2015-06-14 08:36:43 [-][-][-][info][application] $_SERVER = [
    'ALLUSERSPROFILE' => 'C:\\ProgramData'
    'APPDATA' => 'C:\\Users\\\\AppData\\Roaming'
    'CG_BOOST_ROOT' => 'C:\\Program Files (x86)\\Embarcadero\\RAD Studio\\7.0\\include\\boost_1_39'
    'CommonProgramFiles' => 'C:\\Program Files (x86)\\Common Files'
    'CommonProgramFiles(x86)' => 'C:\\Program Files (x86)\\Common Files'
    'CommonProgramW6432' => 'C:\\Program Files\\Common Files'
    'COMPUTERNAME' => 'BLACK'
    'ComSpec' => 'C:\\Windows\\system32\\cmd.exe'
    'ConEmuANSI' => 'ON'
    'ConEmuAnsiLog' => ''
    'ConEmuArgs' => '/Single'
    'ConEmuBackHWND' => '0x00010A14'
    'ConEmuBaseDir' => 'C:\\server\\openserver\\modules\\conemu\\ConEmu'
    'ConEmuBuild' => '141126'
    'ConEmuConfig' => ''
    'ConEmuDir' => 'C:\\server\\openserver\\modules\\conemu'
    'ConEmuDrawHWND' => '0x00010A16'
    'ConEmuDrive' => 'C:'
    'ConEmuHooks' => 'Enabled'
    'ConEmuHWND' => '0x004709F8'
    'ConEmuPID' => '7228'
    'ConEmuServerPID' => '7564'
    'ConEmuWorkDir' => 'c:\\server\\openserver'
    'ConEmuWorkDrive' => 'c:'
    'FP_NO_HOST_CHECK' => 'NO'
    'HerokuPath' => 'C:\\Program Files (x86)\\Heroku'
    'HOME' => 'c:\\server\\openserver'
    'HOMEDRIVE' => 'c:'
    'HOMEPATH' => '\\server\\openserver'
    'LOCALAPPDATA' => 'C:\\Users\\\\AppData\\Local'
    'LOGONSERVER' => '\\\\MicrosoftAccount'
    'MAGICK_CODER_FILTER_PATH' => 'c:\\server\\openserver\\modules\\imagemagick\\modules\\filters'
    'MAGICK_CODER_MODULE_PATH' => 'c:\\server\\openserver\\modules\\imagemagick\\modules\\coders'
    'MAGICK_CONFIGURE_PATH' => 'c:\\server\\openserver\\modules\\imagemagick'
    'MAGICK_HOME' => 'c:\\server\\openserver\\modules\\imagemagick'
    'MAGICK_TEMPORARY_PATH' => 'c:\\server\\openserver\\userdata\\temp'
    'NUMBER_OF_PROCESSORS' => '4'
    'OPENSSL_CONF' => 'c:\\server\\openserver\\modules\\http\\Apache-2.4\\conf\\openssl.cnf'
    'OS' => 'Windows_NT'
    'Path' => 'C:\\server\\openserver\\modules\\conemu;C:\\server\\openserver\\modules\\conemu\\ConEmu;c:\\server\\openserver\\modules\\php\\PHP-5.5\\ext;c:\\server\\openserver\\modules\\php\\PHP-5.5\\pear;c:\\server\\openserver\\modules\\php\\PHP-5.5\\pear\\bin;c:\\server\\openserver\\modules\\php\\PHP-5.5;c:\\server\\openserver\\modules\\imagemagick;c:\\server\\openserver\\modules\\wget\\bin;c:\\server\\openserver\\modules\\git;c:\\server\\openserver\\modules\\git\\bin;c:\\server\\openserver\\modules\\git\\mingw\\bin;c:\\server\\openserver\\modules\\git\\cmd;c:\\server\\openserver\\modules\\database\\MySQL-5.5\\bin;c:\\server\\openserver\\modules\\http\\Apache-2.4\\bin;c:\\server\\openserver\\modules\\http\\Apache-2.4;C:\\Windows\\system32;C:\\Windows;C:\\Windows\\system32\\Wbem;C:\\Windows\\SysWOW64'
    'PATHEXT' => '.COM;.EXE;.BAT;.CMD;.VBS;.VBE;.JS;.JSE;.WSF;.WSH;.MSC;.RB;.RBW'
    'PHPBIN' => 'c:\\server\\openserver\\modules\\php\\PHP-5.5\\php.exe'
    'PHPDIR' => 'c:\\server\\openserver\\modules\\php\\PHP-5.5\\'
    'PHPRC' => 'c:\\server\\openserver\\modules\\php\\PHP-5.5'
    'PHP_BIN' => 'c:\\server\\openserver\\modules\\php\\PHP-5.5\\php.exe'
    'PHP_BINARY' => 'c:\\server\\openserver\\modules\\php\\PHP-5.5\\php.exe'
    'PHP_BINDIR' => 'c:\\server\\openserver\\modules\\php\\PHP-5.5\\'
    'PHP_COMMAND' => 'php.exe'
    'PHP_DIR' => 'c:\\server\\openserver\\modules\\php\\PHP-5.5\\'
    'PHP_INI' => 'c:\\server\\openserver\\modules\\php\\PHP-5.5\\php.ini'
    'PHP_PEAR_BIN_DIR' => 'c:\\server\\openserver\\modules\\php\\PHP-5.5\\PEAR'
    'PHP_PEAR_DATA_DIR' => 'c:\\server\\openserver\\modules\\php\\PHP-5.5\\PEAR\\data'
    'PHP_PEAR_DOC_DIR' => 'c:\\server\\openserver\\modules\\php\\PHP-5.5\\PEAR\\docs'
    'PHP_PEAR_INSTALL_DIR' => 'c:\\server\\openserver\\modules\\php\\PHP-5.5\\PEAR\\pear'
    'PHP_PEAR_PHP_BIN' => 'c:\\server\\openserver\\modules\\php\\PHP-5.5\\php.exe'
    'PHP_PEAR_SYSCONF_DIR' => 'c:\\server\\openserver\\modules\\php\\PHP-5.5\\PEAR'
    'PHP_PEAR_TEST_DIR' => 'c:\\server\\openserver\\modules\\php\\PHP-5.5\\PEAR\\tests'
    'PLINK_PROTOCOL' => 'ssh'
    'PROCESSOR_ARCHITECTURE' => 'x86'
    'PROCESSOR_ARCHITEW6432' => 'AMD64'
    'PROCESSOR_IDENTIFIER' => 'Intel64 Family 6 Model 42 Stepping 7, GenuineIntel'
    'PROCESSOR_LEVEL' => '6'
    'PROCESSOR_REVISION' => '2a07'
    'ProgramData' => 'C:\\ProgramData'
    'ProgramFiles' => 'C:\\Program Files (x86)'
    'ProgramFiles(x86)' => 'C:\\Program Files (x86)'
    'ProgramW6432' => 'C:\\Program Files'
    'PROMPT' => '$P$G'
    'PSModulePath' => 'C:\\Windows\\system32\\WindowsPowerShell\\v1.0\\Modules\\;C:\\Program Files (x86)\\Microsoft SQL Server\\110\\Tools\\PowerShell\\Modules\\'
    'PUBLIC' => 'C:\\Users\\Public'
    'SESSIONNAME' => 'Console'
    'SystemDrive' => 'C:'
    'SystemRoot' => 'C:\\Windows'
    'TEMP' => 'c:\\server\\openserver\\userdata\\temp'
    'TERM' => 'msys'
    'TMP' => 'c:\\server\\openserver\\userdata\\temp'
    'USERDOMAIN' => 'BLACK'
    'USERDOMAIN_ROAMINGPROFILE' => 'BLACK'
    'USERNAME' => ''
    'USERPROFILE' => 'C:\\Users\\'
    'VBOX_MSI_INSTALL_PATH' => 'C:\\Program Files\\Oracle\\VirtualBox\\'
    'VS110COMNTOOLS' => 'C:\\Program Files (x86)\\Microsoft Visual Studio 11.0\\Common7\\Tools\\'
    'VS120COMNTOOLS' => 'C:\\Program Files (x86)\\Microsoft Visual Studio 12.0\\Common7\\Tools\\'
    'windir' => 'C:\\Windows'
    'YII_PATH' => 'c:\\Server\\OpenServer\\domains\\localhost\\FlatSite\\'
    'PHP_SELF' => 'c:\\Server\\OpenServer\\domains\\localhost\\FlatSite\\yii'
    'SCRIPT_NAME' => 'c:\\Server\\OpenServer\\domains\\localhost\\FlatSite\\yii'
    'SCRIPT_FILENAME' => 'c:\\Server\\OpenServer\\domains\\localhost\\FlatSite\\yii'
    'PATH_TRANSLATED' => 'c:\\Server\\OpenServer\\domains\\localhost\\FlatSite\\yii'
    'DOCUMENT_ROOT' => ''
    'REQUEST_TIME_FLOAT' => 1434260203.9839
    'REQUEST_TIME' => 1434260203
    'argv' => [
        0 => 'c:\\Server\\OpenServer\\domains\\localhost\\FlatSite\\yii'
        1 => 'rbac/init'
    ]
    'argc' => 2
]
2015-06-26 14:53:04 [-][-][-][error][yii\console\Exception] exception 'yii\base\InvalidRouteException' with message 'Unable to resolve the request "migrations/add".' in C:\wamp\www\FlatSite\vendor\yiisoft\yii2\base\Module.php:461
Stack trace:
#0 C:\wamp\www\FlatSite\vendor\yiisoft\yii2\console\Application.php(161): yii\base\Module->runAction('migrations/add', Array)
#1 C:\wamp\www\FlatSite\vendor\yiisoft\yii2\console\Application.php(137): yii\console\Application->runAction('migrations/add', Array)
#2 C:\wamp\www\FlatSite\vendor\yiisoft\yii2\base\Application.php(375): yii\console\Application->handleRequest(Object(yii\console\Request))
#3 C:\wamp\www\FlatSite\yii(31): yii\base\Application->run()
#4 {main}

Next exception 'yii\console\Exception' with message 'Unknown command "migrations/add".' in C:\wamp\www\FlatSite\vendor\yiisoft\yii2\console\Application.php:163
Stack trace:
#0 C:\wamp\www\FlatSite\vendor\yiisoft\yii2\console\Application.php(137): yii\console\Application->runAction('migrations/add', Array)
#1 C:\wamp\www\FlatSite\vendor\yiisoft\yii2\base\Application.php(375): yii\console\Application->handleRequest(Object(yii\console\Request))
#2 C:\wamp\www\FlatSite\yii(31): yii\base\Application->run()
#3 {main}
2015-06-26 14:53:04 [-][-][-][info][application] $_SERVER = [
    'ALLUSERSPROFILE' => 'C:\\ProgramData'
    'APPDATA' => 'C:\\Users\\\\AppData\\Roaming'
    'CG_BOOST_ROOT' => 'C:\\Program Files (x86)\\Embarcadero\\RAD Studio\\7.0\\include\\boost_1_39'
    'CommonProgramFiles' => 'C:\\Program Files (x86)\\Common Files'
    'CommonProgramFiles(x86)' => 'C:\\Program Files (x86)\\Common Files'
    'CommonProgramW6432' => 'C:\\Program Files\\Common Files'
    'COMPUTERNAME' => 'BLACK'
    'ComSpec' => 'C:\\Windows\\system32\\cmd.exe'
    'ConEmuANSI' => 'ON'
    'ConEmuAnsiLog' => ''
    'ConEmuArgs' => '/Single'
    'ConEmuBackHWND' => '0x002A034E'
    'ConEmuBaseDir' => 'C:\\server\\openserver\\modules\\ConEmu\\ConEmu'
    'ConEmuBuild' => '141126'
    'ConEmuConfig' => ''
    'ConEmuDir' => 'C:\\server\\openserver\\modules\\ConEmu'
    'ConEmuDrawHWND' => '0x001511BC'
    'ConEmuDrive' => 'C:'
    'ConEmuHooks' => 'Enabled'
    'ConEmuHWND' => '0x00640AEE'
    'ConEmuPID' => '10644'
    'ConEmuServerPID' => '13632'
    'ConEmuWorkDir' => 'C:\\Users\\'
    'ConEmuWorkDrive' => 'C:'
    'FP_NO_HOST_CHECK' => 'NO'
    'HerokuPath' => 'C:\\Program Files (x86)\\Heroku'
    'HOME' => 'c:\\server\\openserver'
    'HOMEDRIVE' => 'c:'
    'HOMEPATH' => '\\server\\openserver'
    'LOCALAPPDATA' => 'C:\\Users\\\\AppData\\Local'
    'LOGONSERVER' => '\\\\MicrosoftAccount'
    'MAGICK_CODER_FILTER_PATH' => 'c:\\server\\openserver\\modules\\imagemagick\\modules\\filters'
    'MAGICK_CODER_MODULE_PATH' => 'c:\\server\\openserver\\modules\\imagemagick\\modules\\coders'
    'MAGICK_CONFIGURE_PATH' => 'c:\\server\\openserver\\modules\\imagemagick'
    'MAGICK_HOME' => 'c:\\server\\openserver\\modules\\imagemagick'
    'MAGICK_TEMPORARY_PATH' => 'c:\\server\\openserver\\userdata\\temp'
    'NUMBER_OF_PROCESSORS' => '4'
    'OPENSSL_CONF' => 'c:\\server\\openserver\\modules\\http\\Apache-2.4\\conf\\openssl.cnf'
    'OS' => 'Windows_NT'
    'Path' => 'C:\\server\\openserver\\modules\\ConEmu;C:\\server\\openserver\\modules\\ConEmu\\ConEmu;c:\\server\\openserver\\modules\\php\\PHP-5.5\\ext;c:\\server\\openserver\\modules\\php\\PHP-5.5\\pear;c:\\server\\openserver\\modules\\php\\PHP-5.5\\pear\\bin;c:\\server\\openserver\\modules\\php\\PHP-5.5;c:\\server\\openserver\\modules\\imagemagick;c:\\server\\openserver\\modules\\wget\\bin;c:\\server\\openserver\\modules\\git;c:\\server\\openserver\\modules\\git\\bin;c:\\server\\openserver\\modules\\git\\mingw\\bin;c:\\server\\openserver\\modules\\git\\cmd;c:\\server\\openserver\\modules\\database\\MySQL-5.5\\bin;c:\\server\\openserver\\modules\\http\\Apache-2.4\\bin;c:\\server\\openserver\\modules\\http\\Apache-2.4;C:\\Windows\\system32;C:\\Windows;C:\\Windows\\system32\\Wbem;C:\\Windows\\SysWOW64'
    'PATHEXT' => '.COM;.EXE;.BAT;.CMD;.VBS;.VBE;.JS;.JSE;.WSF;.WSH;.MSC;.RB;.RBW'
    'PHPBIN' => 'c:\\server\\openserver\\modules\\php\\PHP-5.5\\php.exe'
    'PHPDIR' => 'c:\\server\\openserver\\modules\\php\\PHP-5.5\\'
    'PHPRC' => 'c:\\server\\openserver\\modules\\php\\PHP-5.5'
    'PHP_BIN' => 'c:\\server\\openserver\\modules\\php\\PHP-5.5\\php.exe'
    'PHP_BINARY' => 'c:\\server\\openserver\\modules\\php\\PHP-5.5\\php.exe'
    'PHP_BINDIR' => 'c:\\server\\openserver\\modules\\php\\PHP-5.5\\'
    'PHP_COMMAND' => 'php.exe'
    'PHP_DIR' => 'c:\\server\\openserver\\modules\\php\\PHP-5.5\\'
    'PHP_INI' => 'c:\\server\\openserver\\modules\\php\\PHP-5.5\\php.ini'
    'PHP_PEAR_BIN_DIR' => 'c:\\server\\openserver\\modules\\php\\PHP-5.5\\PEAR'
    'PHP_PEAR_DATA_DIR' => 'c:\\server\\openserver\\modules\\php\\PHP-5.5\\PEAR\\data'
    'PHP_PEAR_DOC_DIR' => 'c:\\server\\openserver\\modules\\php\\PHP-5.5\\PEAR\\docs'
    'PHP_PEAR_INSTALL_DIR' => 'c:\\server\\openserver\\modules\\php\\PHP-5.5\\PEAR\\pear'
    'PHP_PEAR_PHP_BIN' => 'c:\\server\\openserver\\modules\\php\\PHP-5.5\\php.exe'
    'PHP_PEAR_SYSCONF_DIR' => 'c:\\server\\openserver\\modules\\php\\PHP-5.5\\PEAR'
    'PHP_PEAR_TEST_DIR' => 'c:\\server\\openserver\\modules\\php\\PHP-5.5\\PEAR\\tests'
    'PLINK_PROTOCOL' => 'ssh'
    'PROCESSOR_ARCHITECTURE' => 'x86'
    'PROCESSOR_ARCHITEW6432' => 'AMD64'
    'PROCESSOR_IDENTIFIER' => 'Intel64 Family 6 Model 42 Stepping 7, GenuineIntel'
    'PROCESSOR_LEVEL' => '6'
    'PROCESSOR_REVISION' => '2a07'
    'ProgramData' => 'C:\\ProgramData'
    'ProgramFiles' => 'C:\\Program Files (x86)'
    'ProgramFiles(x86)' => 'C:\\Program Files (x86)'
    'ProgramW6432' => 'C:\\Program Files'
    'PROMPT' => '$P$G'
    'PSModulePath' => 'C:\\Windows\\system32\\WindowsPowerShell\\v1.0\\Modules\\;C:\\Program Files (x86)\\Microsoft SQL Server\\110\\Tools\\PowerShell\\Modules\\'
    'PUBLIC' => 'C:\\Users\\Public'
    'SystemDrive' => 'C:'
    'SystemRoot' => 'C:\\Windows'
    'TEMP' => 'c:\\server\\openserver\\userdata\\temp'
    'TERM' => 'msys'
    'TMP' => 'c:\\server\\openserver\\userdata\\temp'
    'USERDOMAIN' => 'BLACK'
    'USERDOMAIN_ROAMINGPROFILE' => 'BLACK'
    'USERNAME' => ''
    'USERPROFILE' => 'C:\\Users\\'
    'VBOX_MSI_INSTALL_PATH' => 'C:\\Program Files\\Oracle\\VirtualBox\\'
    'VS110COMNTOOLS' => 'C:\\Program Files (x86)\\Microsoft Visual Studio 11.0\\Common7\\Tools\\'
    'VS120COMNTOOLS' => 'C:\\Program Files (x86)\\Microsoft Visual Studio 12.0\\Common7\\Tools\\'
    'windir' => 'C:\\Windows'
    'YII_PATH' => 'C:\\wamp\\www\\FlatSite\\'
    'PHP_SELF' => 'C:\\wamp\\www\\FlatSite\\yii'
    'SCRIPT_NAME' => 'C:\\wamp\\www\\FlatSite\\yii'
    'SCRIPT_FILENAME' => 'C:\\wamp\\www\\FlatSite\\yii'
    'PATH_TRANSLATED' => 'C:\\wamp\\www\\FlatSite\\yii'
    'DOCUMENT_ROOT' => ''
    'REQUEST_TIME_FLOAT' => 1435319584.1929
    'REQUEST_TIME' => 1435319584
    'argv' => [
        0 => 'C:\\wamp\\www\\FlatSite\\yii'
        1 => 'migrations/add'
    ]
    'argc' => 2
]
2015-06-26 15:18:02 [-][-][-][error][yii\base\ErrorException:64] exception 'yii\base\ErrorException' with message 'yii\console\controllers\MigrateController::createMigration(): Failed opening required 'C:\wamp\www\FlatSite\console/migrations\m140602_111327_create_menu_table.php' (include_path='.;c:/server/openserver/modules/php/PHP-5.5;c:/server/openserver/modules/php/PHP-5.5/PEAR/pear')' in C:\wamp\www\FlatSite\vendor\yiisoft\yii2\console\controllers\MigrateController.php:111
Stack trace:
#0 [internal function]: yii\base\ErrorHandler->handleFatalError()
#1 {main}
2015-06-26 15:16:57 [-][-][-][info][application] $_SERVER = [
    'ALLUSERSPROFILE' => 'C:\\ProgramData'
    'APPDATA' => 'C:\\Users\\\\AppData\\Roaming'
    'CG_BOOST_ROOT' => 'C:\\Program Files (x86)\\Embarcadero\\RAD Studio\\7.0\\include\\boost_1_39'
    'CommonProgramFiles' => 'C:\\Program Files (x86)\\Common Files'
    'CommonProgramFiles(x86)' => 'C:\\Program Files (x86)\\Common Files'
    'CommonProgramW6432' => 'C:\\Program Files\\Common Files'
    'COMPUTERNAME' => 'BLACK'
    'ComSpec' => 'C:\\Windows\\system32\\cmd.exe'
    'ConEmuANSI' => 'ON'
    'ConEmuAnsiLog' => ''
    'ConEmuArgs' => '/Single'
    'ConEmuBackHWND' => '0x002A034E'
    'ConEmuBaseDir' => 'C:\\server\\openserver\\modules\\ConEmu\\ConEmu'
    'ConEmuBuild' => '141126'
    'ConEmuConfig' => ''
    'ConEmuDir' => 'C:\\server\\openserver\\modules\\ConEmu'
    'ConEmuDrawHWND' => '0x001511BC'
    'ConEmuDrive' => 'C:'
    'ConEmuHooks' => 'Enabled'
    'ConEmuHWND' => '0x00640AEE'
    'ConEmuPID' => '10644'
    'ConEmuServerPID' => '13632'
    'ConEmuWorkDir' => 'C:\\Users\\'
    'ConEmuWorkDrive' => 'C:'
    'FP_NO_HOST_CHECK' => 'NO'
    'HerokuPath' => 'C:\\Program Files (x86)\\Heroku'
    'HOME' => 'c:\\server\\openserver'
    'HOMEDRIVE' => 'c:'
    'HOMEPATH' => '\\server\\openserver'
    'LOCALAPPDATA' => 'C:\\Users\\\\AppData\\Local'
    'LOGONSERVER' => '\\\\MicrosoftAccount'
    'MAGICK_CODER_FILTER_PATH' => 'c:\\server\\openserver\\modules\\imagemagick\\modules\\filters'
    'MAGICK_CODER_MODULE_PATH' => 'c:\\server\\openserver\\modules\\imagemagick\\modules\\coders'
    'MAGICK_CONFIGURE_PATH' => 'c:\\server\\openserver\\modules\\imagemagick'
    'MAGICK_HOME' => 'c:\\server\\openserver\\modules\\imagemagick'
    'MAGICK_TEMPORARY_PATH' => 'c:\\server\\openserver\\userdata\\temp'
    'NUMBER_OF_PROCESSORS' => '4'
    'OPENSSL_CONF' => 'c:\\server\\openserver\\modules\\http\\Apache-2.4\\conf\\openssl.cnf'
    'OS' => 'Windows_NT'
    'Path' => 'C:\\server\\openserver\\modules\\ConEmu;C:\\server\\openserver\\modules\\ConEmu\\ConEmu;c:\\server\\openserver\\modules\\php\\PHP-5.5\\ext;c:\\server\\openserver\\modules\\php\\PHP-5.5\\pear;c:\\server\\openserver\\modules\\php\\PHP-5.5\\pear\\bin;c:\\server\\openserver\\modules\\php\\PHP-5.5;c:\\server\\openserver\\modules\\imagemagick;c:\\server\\openserver\\modules\\wget\\bin;c:\\server\\openserver\\modules\\git;c:\\server\\openserver\\modules\\git\\bin;c:\\server\\openserver\\modules\\git\\mingw\\bin;c:\\server\\openserver\\modules\\git\\cmd;c:\\server\\openserver\\modules\\database\\MySQL-5.5\\bin;c:\\server\\openserver\\modules\\http\\Apache-2.4\\bin;c:\\server\\openserver\\modules\\http\\Apache-2.4;C:\\Windows\\system32;C:\\Windows;C:\\Windows\\system32\\Wbem;C:\\Windows\\SysWOW64'
    'PATHEXT' => '.COM;.EXE;.BAT;.CMD;.VBS;.VBE;.JS;.JSE;.WSF;.WSH;.MSC;.RB;.RBW'
    'PHPBIN' => 'c:\\server\\openserver\\modules\\php\\PHP-5.5\\php.exe'
    'PHPDIR' => 'c:\\server\\openserver\\modules\\php\\PHP-5.5\\'
    'PHPRC' => 'c:\\server\\openserver\\modules\\php\\PHP-5.5'
    'PHP_BIN' => 'c:\\server\\openserver\\modules\\php\\PHP-5.5\\php.exe'
    'PHP_BINARY' => 'c:\\server\\openserver\\modules\\php\\PHP-5.5\\php.exe'
    'PHP_BINDIR' => 'c:\\server\\openserver\\modules\\php\\PHP-5.5\\'
    'PHP_COMMAND' => 'php.exe'
    'PHP_DIR' => 'c:\\server\\openserver\\modules\\php\\PHP-5.5\\'
    'PHP_INI' => 'c:\\server\\openserver\\modules\\php\\PHP-5.5\\php.ini'
    'PHP_PEAR_BIN_DIR' => 'c:\\server\\openserver\\modules\\php\\PHP-5.5\\PEAR'
    'PHP_PEAR_DATA_DIR' => 'c:\\server\\openserver\\modules\\php\\PHP-5.5\\PEAR\\data'
    'PHP_PEAR_DOC_DIR' => 'c:\\server\\openserver\\modules\\php\\PHP-5.5\\PEAR\\docs'
    'PHP_PEAR_INSTALL_DIR' => 'c:\\server\\openserver\\modules\\php\\PHP-5.5\\PEAR\\pear'
    'PHP_PEAR_PHP_BIN' => 'c:\\server\\openserver\\modules\\php\\PHP-5.5\\php.exe'
    'PHP_PEAR_SYSCONF_DIR' => 'c:\\server\\openserver\\modules\\php\\PHP-5.5\\PEAR'
    'PHP_PEAR_TEST_DIR' => 'c:\\server\\openserver\\modules\\php\\PHP-5.5\\PEAR\\tests'
    'PLINK_PROTOCOL' => 'ssh'
    'PROCESSOR_ARCHITECTURE' => 'x86'
    'PROCESSOR_ARCHITEW6432' => 'AMD64'
    'PROCESSOR_IDENTIFIER' => 'Intel64 Family 6 Model 42 Stepping 7, GenuineIntel'
    'PROCESSOR_LEVEL' => '6'
    'PROCESSOR_REVISION' => '2a07'
    'ProgramData' => 'C:\\ProgramData'
    'ProgramFiles' => 'C:\\Program Files (x86)'
    'ProgramFiles(x86)' => 'C:\\Program Files (x86)'
    'ProgramW6432' => 'C:\\Program Files'
    'PROMPT' => '$P$G'
    'PSModulePath' => 'C:\\Windows\\system32\\WindowsPowerShell\\v1.0\\Modules\\;C:\\Program Files (x86)\\Microsoft SQL Server\\110\\Tools\\PowerShell\\Modules\\'
    'PUBLIC' => 'C:\\Users\\Public'
    'SystemDrive' => 'C:'
    'SystemRoot' => 'C:\\Windows'
    'TEMP' => 'c:\\server\\openserver\\userdata\\temp'
    'TERM' => 'msys'
    'TMP' => 'c:\\server\\openserver\\userdata\\temp'
    'USERDOMAIN' => 'BLACK'
    'USERDOMAIN_ROAMINGPROFILE' => 'BLACK'
    'USERNAME' => ''
    'USERPROFILE' => 'C:\\Users\\'
    'VBOX_MSI_INSTALL_PATH' => 'C:\\Program Files\\Oracle\\VirtualBox\\'
    'VS110COMNTOOLS' => 'C:\\Program Files (x86)\\Microsoft Visual Studio 11.0\\Common7\\Tools\\'
    'VS120COMNTOOLS' => 'C:\\Program Files (x86)\\Microsoft Visual Studio 12.0\\Common7\\Tools\\'
    'windir' => 'C:\\Windows'
    'YII_PATH' => 'C:\\wamp\\www\\FlatSite\\'
    'PHP_SELF' => 'C:\\wamp\\www\\FlatSite\\yii'
    'SCRIPT_NAME' => 'C:\\wamp\\www\\FlatSite\\yii'
    'SCRIPT_FILENAME' => 'C:\\wamp\\www\\FlatSite\\yii'
    'PATH_TRANSLATED' => 'C:\\wamp\\www\\FlatSite\\yii'
    'DOCUMENT_ROOT' => ''
    'REQUEST_TIME_FLOAT' => 1435321017.1195
    'REQUEST_TIME' => 1435321017
    'argv' => [
        0 => 'C:\\wamp\\www\\FlatSite\\yii'
        1 => 'migrate/down'
    ]
    'argc' => 2
]
